2023-11-26 12:40:46 -  - exec CUpdateClient::GetUpdatesList
2023-11-26 12:40:46 -  - exec CUpdateClient::CollectRequestData
2023-11-26 12:41:05 -  - exec CUpdateClient::GetUpdatesList
2023-11-26 12:41:05 -  - exec CUpdateClient::CollectRequestData
2023-11-26 12:41:58 -  - exec CUpdateClient::GetUpdatesList
2023-11-26 12:41:58 -  - exec CUpdateClient::CollectRequestData
2023-11-26 12:42:08 -  - exec CUpdateClient::GetUpdatesList
2023-11-26 12:42:08 -  - exec CUpdateClient::CollectRequestData
2023-11-26 12:42:38 -  - exec CUpdateClient::GetUpdatesList
2023-11-26 12:42:38 -  - exec CUpdateClient::CollectRequestData
2023-11-26 12:42:38 -  - LICENSE_KEY=X&lang=ru&SUPD_VER=23.300.0&VERSION=23.300.100&TYPENC=D&SUPD_STS=1&SUPD_URS=10&SUPD_DBS=MYSQL&XE=N&CLIENT_SITE=tankca0z.beget.tech&CHHB=tankca0z.beget.tech&CSAB=87.236.19.238&SUID=2cf8id9d5pxp09c6akohxyyopx81uq3o&CANGZIP=Y&CLIENT_PHPVER=8.1.25&stable=Y&mbfo=0&NGINX=Y&SMD=N&rerere=Y&bitm_main=23.300.100&bitm_b24connector=22.0.0&bitm_vote=23.0.0&bitm_socialservices=22.200.400&bitm_perfmon=21.0.0&bitm_security=21.300.0&bitm_forum=23.0.0&bitm_location=23.0.0&bitm_photogallery=22.0.200&bitm_form=22.0.0&bitm_mobileapp=23.0.0&bitm_clouds=23.0.0&bitm_bitrixcloud=22.100.0&bitm_landing=23.600.150&bitm_scale=21.0.0&bitm_messageservice=23.0.0&bitm_fileman=22.300.0&bitm_search=22.100.0&bitm_subscribe=21.0.0&bitm_highloadblock=22.200.0&bitm_blog=22.0.0&bitm_seo=23.200.0&bitm_ui=22.1600.0&bitm_iblock=23.100.0&bitm_translate=23.200.0&bitm_rest=23.100.0&bitl_ru=&bitl_en=&SUPD_SRS=RU&SUPD_CMP=N&SALE_15=Y&LICENSE_SIGNED=%7Enew_license18_0_sign-Y
2023-11-26 12:42:38 -  - exec CUpdateClient::GetHTTPPage
2023-11-26 12:42:38 -  - TIME GetUpdatesList(request) 0.35 sec
2023-11-26 12:42:38 -  - exec CUpdateClient::ParseServerData
2023-11-26 12:42:38 -  - exec CUpdateClient::executeCounters
2023-11-26 12:42:38 -  - exec CUpdateClient::CollectRequestData
2023-11-26 12:42:38 -  - LICENSE_KEY=X&lang=ru&SUPD_VER=23.300.0&VERSION=23.300.100&TYPENC=D&SUPD_STS=1&SUPD_URS=10&SUPD_DBS=MYSQL&XE=N&CLIENT_SITE=tankca0z.beget.tech&CHHB=tankca0z.beget.tech&CSAB=87.236.19.238&SUID=2cf8id9d5pxp09c6akohxyyopx81uq3o&CANGZIP=Y&CLIENT_PHPVER=8.1.25&stable=Y&mbfo=0&NGINX=Y&SMD=N&rerere=Y&bitm_main=23.300.100&bitm_b24connector=22.0.0&bitm_vote=23.0.0&bitm_socialservices=22.200.400&bitm_perfmon=21.0.0&bitm_security=21.300.0&bitm_forum=23.0.0&bitm_location=23.0.0&bitm_photogallery=22.0.200&bitm_form=22.0.0&bitm_mobileapp=23.0.0&bitm_clouds=23.0.0&bitm_bitrixcloud=22.100.0&bitm_landing=23.600.150&bitm_scale=21.0.0&bitm_messageservice=23.0.0&bitm_fileman=22.300.0&bitm_search=22.100.0&bitm_subscribe=21.0.0&bitm_highloadblock=22.200.0&bitm_blog=22.0.0&bitm_seo=23.200.0&bitm_ui=22.1600.0&bitm_iblock=23.100.0&bitm_translate=23.200.0&bitm_rest=23.100.0&bitl_ru=&bitl_en=&SUPD_SRS=RU&SUPD_CMP=N&SALE_15=Y&LICENSE_SIGNED=%7Enew_license18_0_sign-Y&query_type=counter&cntr_result[436]=X
2023-11-26 12:42:38 -  - exec CUpdateClient::GetHTTPPage
2023-11-26 12:42:38 -  - TIME executeCounters 0.092 sec
2023-11-26 12:52:17 -  - exec CUpdateClient::GetUpdatesList
2023-11-26 12:52:17 -  - exec CUpdateClient::CollectRequestData
2023-11-26 12:52:17 -  - LICENSE_KEY=X&lang=ru&SUPD_VER=23.300.0&VERSION=23.300.100&TYPENC=D&SUPD_STS=1&SUPD_URS=10&SUPD_DBS=MYSQL&XE=N&CLIENT_SITE=tankca0z.beget.tech&CHHB=tankca0z.beget.tech&CSAB=87.236.19.238&SUID=2cf8id9d5pxp09c6akohxyyopx81uq3o&CANGZIP=Y&CLIENT_PHPVER=8.1.25&stable=Y&mbfo=0&NGINX=Y&SMD=N&rerere=Y&bitm_main=23.300.100&bitm_b24connector=22.0.0&bitm_vote=23.0.0&bitm_socialservices=22.200.400&bitm_perfmon=21.0.0&bitm_security=21.300.0&bitm_forum=23.0.0&bitm_location=23.0.0&bitm_photogallery=22.0.200&bitm_form=22.0.0&bitm_mobileapp=23.0.0&bitm_clouds=23.0.0&bitm_bitrixcloud=22.100.0&bitm_landing=23.600.150&bitm_scale=21.0.0&bitm_messageservice=23.0.0&bitm_fileman=22.300.0&bitm_search=22.100.0&bitm_subscribe=21.0.0&bitm_highloadblock=22.200.0&bitm_blog=22.0.0&bitm_seo=23.200.0&bitm_ui=22.1600.0&bitm_iblock=23.100.0&bitm_translate=23.200.0&bitm_rest=23.100.0&bitl_ru=&bitl_en=&SUPD_SRS=RU&SUPD_CMP=N&SALE_15=Y&LICENSE_SIGNED=%7Enew_license18_0_sign-Y
2023-11-26 12:52:17 -  - exec CUpdateClient::GetHTTPPage
2023-11-26 12:52:17 -  - TIME GetUpdatesList(request) 0.225 sec
2023-11-26 12:52:17 -  - exec CUpdateClient::ParseServerData
2023-11-26 12:52:17 -  - exec CUpdateClient::executeCounters
2023-11-26 12:52:17 -  - exec CUpdateClient::CollectRequestData
2023-11-26 12:52:17 -  - LICENSE_KEY=X&lang=ru&SUPD_VER=23.300.0&VERSION=23.300.100&TYPENC=D&SUPD_STS=1&SUPD_URS=10&SUPD_DBS=MYSQL&XE=N&CLIENT_SITE=tankca0z.beget.tech&CHHB=tankca0z.beget.tech&CSAB=87.236.19.238&SUID=2cf8id9d5pxp09c6akohxyyopx81uq3o&CANGZIP=Y&CLIENT_PHPVER=8.1.25&stable=Y&mbfo=0&NGINX=Y&SMD=N&rerere=Y&bitm_main=23.300.100&bitm_b24connector=22.0.0&bitm_vote=23.0.0&bitm_socialservices=22.200.400&bitm_perfmon=21.0.0&bitm_security=21.300.0&bitm_forum=23.0.0&bitm_location=23.0.0&bitm_photogallery=22.0.200&bitm_form=22.0.0&bitm_mobileapp=23.0.0&bitm_clouds=23.0.0&bitm_bitrixcloud=22.100.0&bitm_landing=23.600.150&bitm_scale=21.0.0&bitm_messageservice=23.0.0&bitm_fileman=22.300.0&bitm_search=22.100.0&bitm_subscribe=21.0.0&bitm_highloadblock=22.200.0&bitm_blog=22.0.0&bitm_seo=23.200.0&bitm_ui=22.1600.0&bitm_iblock=23.100.0&bitm_translate=23.200.0&bitm_rest=23.100.0&bitl_ru=&bitl_en=&SUPD_SRS=RU&SUPD_CMP=N&SALE_15=Y&LICENSE_SIGNED=%7Enew_license18_0_sign-Y&query_type=counter&cntr_result[438]=X
2023-11-26 12:52:17 -  - exec CUpdateClient::GetHTTPPage
2023-11-26 12:52:17 -  - TIME executeCounters 0.067 sec
2023-11-26 19:51:42 -  - exec CUpdateClient::GetUpdatesList
2023-11-26 19:51:42 -  - exec CUpdateClient::CollectRequestData
2023-11-26 19:51:42 -  - LICENSE_KEY=X&lang=ru&SUPD_VER=23.300.0&VERSION=23.300.100&TYPENC=D&SUPD_STS=1&SUPD_URS=10&SUPD_DBS=MYSQL&XE=N&CLIENT_SITE=tankca0z.beget.tech&CHHB=tankca0z.beget.tech&CSAB=87.236.19.238&SUID=2cf8id9d5pxp09c6akohxyyopx81uq3o&CANGZIP=Y&CLIENT_PHPVER=8.1.25&stable=Y&mbfo=0&NGINX=Y&SMD=N&rerere=Y&bitm_main=23.300.100&bitm_b24connector=22.0.0&bitm_vote=23.0.0&bitm_socialservices=22.200.400&bitm_perfmon=21.0.0&bitm_security=21.300.0&bitm_forum=23.0.0&bitm_location=23.0.0&bitm_photogallery=22.0.200&bitm_form=22.0.0&bitm_mobileapp=23.0.0&bitm_clouds=23.0.0&bitm_bitrixcloud=22.100.0&bitm_landing=23.600.150&bitm_scale=21.0.0&bitm_messageservice=23.0.0&bitm_fileman=22.300.0&bitm_search=22.100.0&bitm_subscribe=21.0.0&bitm_highloadblock=22.200.0&bitm_blog=22.0.0&bitm_seo=23.200.0&bitm_ui=22.1600.0&bitm_iblock=23.100.0&bitm_translate=23.200.0&bitm_rest=23.100.0&bitl_ru=&bitl_en=&SUPD_SRS=RU&SUPD_CMP=N&SALE_15=Y&LICENSE_SIGNED=%7Enew_license18_0_sign-Y
2023-11-26 19:51:42 -  - exec CUpdateClient::GetHTTPPage
2023-11-26 19:51:42 -  - TIME GetUpdatesList(request) 0.081 sec
2023-11-26 19:51:42 -  - exec CUpdateClient::ParseServerData
2023-11-26 19:51:42 -  - exec CUpdateClient::executeCounters
2023-11-26 19:51:42 -  - exec CUpdateClient::CollectRequestData
2023-11-26 19:51:42 -  - LICENSE_KEY=X&lang=ru&SUPD_VER=23.300.0&VERSION=23.300.100&TYPENC=D&SUPD_STS=1&SUPD_URS=10&SUPD_DBS=MYSQL&XE=N&CLIENT_SITE=tankca0z.beget.tech&CHHB=tankca0z.beget.tech&CSAB=87.236.19.238&SUID=2cf8id9d5pxp09c6akohxyyopx81uq3o&CANGZIP=Y&CLIENT_PHPVER=8.1.25&stable=Y&mbfo=0&NGINX=Y&SMD=N&rerere=Y&bitm_main=23.300.100&bitm_b24connector=22.0.0&bitm_vote=23.0.0&bitm_socialservices=22.200.400&bitm_perfmon=21.0.0&bitm_security=21.300.0&bitm_forum=23.0.0&bitm_location=23.0.0&bitm_photogallery=22.0.200&bitm_form=22.0.0&bitm_mobileapp=23.0.0&bitm_clouds=23.0.0&bitm_bitrixcloud=22.100.0&bitm_landing=23.600.150&bitm_scale=21.0.0&bitm_messageservice=23.0.0&bitm_fileman=22.300.0&bitm_search=22.100.0&bitm_subscribe=21.0.0&bitm_highloadblock=22.200.0&bitm_blog=22.0.0&bitm_seo=23.200.0&bitm_ui=22.1600.0&bitm_iblock=23.100.0&bitm_translate=23.200.0&bitm_rest=23.100.0&bitl_ru=&bitl_en=&SUPD_SRS=RU&SUPD_CMP=N&SALE_15=Y&LICENSE_SIGNED=%7Enew_license18_0_sign-Y&query_type=counter&cntr_result[440]=X&cntr_result[442]=
2023-11-26 19:51:42 -  - exec CUpdateClient::GetHTTPPage
2023-11-26 19:51:42 -  - TIME executeCounters 0.07 sec
