2023-11-24 14:41:29 -  - exec CUpdateClientPartner::SearchModulesEx
2023-11-24 14:41:29 -  - exec CUpdateClientPartner::__CollectRequestData
2023-11-24 14:41:29 -  - utf=Y&lang=ru&stable=Y&CANGZIP=Y&SUPD_DBS=MYSQL&XE=N&CLIENT_SITE=tankca0z.beget.tech&LICENSE_KEY=X&SUPD_STS=1&SUPD_URS=1&TYPENC=D&CLIENT_PHPVER=8.1.25&NGINX=Y&dbv=5.7.21&instm=main%2C23.300.100%2CY%3Bb24connector%2C22.0.0%2CN%3Bvote%2C23.0.0%2CN%3Bsocialservices%2C22.200.400%2CN%3Bperfmon%2C21.0.0%2CN%3Bsecurity%2C21.300.0%2CN%3Bbitrix.sitecorporate%2C15.5.0%2CN%3Bforum%2C23.0.0%2CN%3Blocation%2C23.0.0%2CN%3Bphotogallery%2C22.0.200%2CN%3Bform%2C22.0.0%2CN%3Bmobileapp%2C23.0.0%2CN%3Bclouds%2C23.0.0%2CN%3Bbitrixcloud%2C22.100.0%2CN%3Blanding%2C23.600.150%2CN%3Bscale%2C21.0.0%2CN%3Bmessageservice%2C23.0.0%2CN%3Bbitrix.siteinfoportal%2C15.5.0%2CN%3Bbitrix.sitepersonal%2C15.5.0%2CN%3Bfileman%2C22.300.0%2CN%3Bsearch%2C22.100.0%2CN%3Bsubscribe%2C21.0.0%2CN%3Bhighloadblock%2C22.200.0%2CN%3Bblog%2C22.0.0%2CN%3Bseo%2C23.200.0%2CN%3Bui%2C22.1600.0%2CN%3Biblock%2C23.100.0%2CN%3Btranslate%2C23.200.0%2CN%3Brest%2C23.100.0%2CN&search_module_id=&search_module=&search_category=7%2C14&search_type=&search_order=DESC&search_order_by=SORT&search_page=1&SUPD_SRS=RU&SUPD_CMP=N
2023-11-24 14:41:29 -  - exec CUpdateClientPartner::GetHTTPPage
2023-11-24 14:41:30 -  - TIME SearchModulesEx(request) 0.572 sec
2023-11-24 14:41:30 -  - exec CUpdateClientPartner::ParseServerData
2023-11-24 14:41:38 -  - exec CUpdateClientPartner::LoadModulesUpdates
2023-11-24 14:41:38 -  - exec CUpdateClientPartner::__CollectRequestData
2023-11-24 14:41:38 -  - utf=Y&lang=ru&stable=Y&CANGZIP=Y&SUPD_DBS=MYSQL&XE=N&CLIENT_SITE=tankca0z.beget.tech&LICENSE_KEY=X&SUPD_STS=1&SUPD_URS=1&TYPENC=D&CLIENT_PHPVER=8.1.25&NGINX=Y&dbv=5.7.21&instm=main%2C23.300.100%2CY%3Bb24connector%2C22.0.0%2CN%3Bvote%2C23.0.0%2CN%3Bsocialservices%2C22.200.400%2CN%3Bperfmon%2C21.0.0%2CN%3Bsecurity%2C21.300.0%2CN%3Bbitrix.sitecorporate%2C15.5.0%2CN%3Bforum%2C23.0.0%2CN%3Blocation%2C23.0.0%2CN%3Bphotogallery%2C22.0.200%2CN%3Bform%2C22.0.0%2CN%3Bmobileapp%2C23.0.0%2CN%3Bclouds%2C23.0.0%2CN%3Bbitrixcloud%2C22.100.0%2CN%3Blanding%2C23.600.150%2CN%3Bscale%2C21.0.0%2CN%3Bmessageservice%2C23.0.0%2CN%3Bbitrix.siteinfoportal%2C15.5.0%2CN%3Bbitrix.sitepersonal%2C15.5.0%2CN%3Bfileman%2C22.300.0%2CN%3Bsearch%2C22.100.0%2CN%3Bsubscribe%2C21.0.0%2CN%3Bhighloadblock%2C22.200.0%2CN%3Bblog%2C22.0.0%2CN%3Bseo%2C23.200.0%2CN%3Bui%2C22.1600.0%2CN%3Biblock%2C23.100.0%2CN%3Btranslate%2C23.200.0%2CN%3Brest%2C23.100.0%2CN&reqm=nsandrey.emptyinstall&lim=Y&SUPD_SRS=RU&SUPD_CMP=N
2023-11-24 14:41:38 -  - exec CUpdateClientPartner::GetHTTPPage
2023-11-24 14:41:38 -  - TIME LoadModulesUpdates(request) 0.158 sec
2023-11-24 14:41:38 -  - exec CUpdateClientPartner::ParseServerData
2023-11-24 14:41:38 - S - STEP
2023-11-24 14:41:38 - LM4W01 - loadModule4Wizard-Step
2023-11-24 14:41:38 -  - exec CUpdateClientPartner::LoadModulesUpdates
2023-11-24 14:41:38 -  - exec CUpdateClientPartner::ParseServerData
2023-11-24 14:41:38 -  - loadFile
2023-11-24 14:41:38 - U - RETURN
2023-11-24 14:41:38 -  - exec CUpdateClientPartner::UnGzipArchive
2023-11-24 14:41:38 -  - TIME UnGzipArchive 0.018 sec
2023-11-24 14:41:39 -  - TIME UpdateStepModules 0.636 sec
2023-11-24 14:41:39 -  - exec CUpdateClientPartner::LoadModulesUpdates
2023-11-24 14:41:39 -  - exec CUpdateClientPartner::__CollectRequestData
2023-11-24 14:41:39 -  - utf=Y&lang=ru&stable=Y&CANGZIP=Y&SUPD_DBS=MYSQL&XE=N&CLIENT_SITE=tankca0z.beget.tech&LICENSE_KEY=X&SUPD_STS=1&SUPD_URS=1&TYPENC=D&CLIENT_PHPVER=8.1.25&NGINX=Y&dbv=5.7.21&instm=main%2C23.300.100%2CY%3Bb24connector%2C22.0.0%2CN%3Bvote%2C23.0.0%2CN%3Bsocialservices%2C22.200.400%2CN%3Bperfmon%2C21.0.0%2CN%3Bsecurity%2C21.300.0%2CN%3Bbitrix.sitecorporate%2C15.5.0%2CN%3Bforum%2C23.0.0%2CN%3Blocation%2C23.0.0%2CN%3Bphotogallery%2C22.0.200%2CN%3Bform%2C22.0.0%2CN%3Bmobileapp%2C23.0.0%2CN%3Bclouds%2C23.0.0%2CN%3Bbitrixcloud%2C22.100.0%2CN%3Blanding%2C23.600.150%2CN%3Bscale%2C21.0.0%2CN%3Bmessageservice%2C23.0.0%2CN%3Bbitrix.siteinfoportal%2C15.5.0%2CN%3Bbitrix.sitepersonal%2C15.5.0%2CN%3Bnsandrey.emptyinstall%2C1.0.5%2CN%3Bfileman%2C22.300.0%2CN%3Bsearch%2C22.100.0%2CN%3Bsubscribe%2C21.0.0%2CN%3Bhighloadblock%2C22.200.0%2CN%3Bblog%2C22.0.0%2CN%3Bseo%2C23.200.0%2CN%3Bui%2C22.1600.0%2CN%3Biblock%2C23.100.0%2CN%3Btranslate%2C23.200.0%2CN%3Brest%2C23.100.0%2CN&reqm=nsandrey.emptyinstall&lim=Y&SUPD_SRS=RU&SUPD_CMP=N
2023-11-24 14:41:39 -  - exec CUpdateClientPartner::GetHTTPPage
2023-11-24 14:41:40 -  - TIME LoadModulesUpdates(request) 0.158 sec
2023-11-24 14:41:40 -  - exec CUpdateClientPartner::ParseServerData
2023-11-24 14:41:40 - STEP - Finish - NOUPDATES
2023-11-24 14:41:40 - LM4W03 - Finish - NOUPDATES
2023-11-24 14:42:39 -  - exec CUpdateClientPartner::__CollectRequestData
2023-11-24 14:42:39 -  - exec CUpdateClientPartner::GetHTTPPage
2023-11-24 14:42:39 -  - exec CUpdateClientPartner::ParseServerData
2023-11-24 14:42:39 -  - exec CUpdateClientPartner::GetUpdatesList
2023-11-24 14:42:39 -  - exec CUpdateClientPartner::__CollectRequestData
2023-11-24 14:42:39 -  - utf=Y&lang=ru&stable=Y&CANGZIP=Y&SUPD_DBS=MYSQL&XE=N&CLIENT_SITE=tankca0z.beget.tech&LICENSE_KEY=X&SUPD_STS=1&SUPD_URS=1&TYPENC=D&CLIENT_PHPVER=8.1.25&NGINX=Y&dbv=5.7.21&instm=main%2C23.300.100%2CY%3Bb24connector%2C22.0.0%2CN%3Bvote%2C23.0.0%2CN%3Bsocialservices%2C22.200.400%2CN%3Bperfmon%2C21.0.0%2CN%3Bsecurity%2C21.300.0%2CN%3Bbitrix.sitecorporate%2C15.5.0%2CN%3Bforum%2C23.0.0%2CN%3Blocation%2C23.0.0%2CN%3Bphotogallery%2C22.0.200%2CN%3Bform%2C22.0.0%2CN%3Bmobileapp%2C23.0.0%2CN%3Bclouds%2C23.0.0%2CN%3Bbitrixcloud%2C22.100.0%2CN%3Blanding%2C23.600.150%2CN%3Bscale%2C21.0.0%2CN%3Bmessageservice%2C23.0.0%2CN%3Bbitrix.siteinfoportal%2C15.5.0%2CN%3Bbitrix.sitepersonal%2C15.5.0%2CN%3Bnsandrey.emptyinstall%2C1.0.5%2CN%3Bfileman%2C22.300.0%2CN%3Bsearch%2C22.100.0%2CN%3Bsubscribe%2C21.0.0%2CN%3Bhighloadblock%2C22.200.0%2CN%3Bblog%2C22.0.0%2CN%3Bseo%2C23.200.0%2CN%3Bui%2C22.1600.0%2CN%3Biblock%2C23.100.0%2CN%3Btranslate%2C23.200.0%2CN%3Brest%2C23.100.0%2CN&reqm=bitrix.sitecorporate%2Cbitrix.siteinfoportal%2Cbitrix.sitepersonal%2Cnsandrey.emptyinstall&fullmoduleinfo=Y&SUPD_SRS=RU&SUPD_CMP=N
2023-11-24 14:42:39 -  - exec CUpdateClientPartner::GetHTTPPage
2023-11-24 14:42:39 -  - TIME GetUpdatesList(request) 0.18 sec
2023-11-24 14:42:39 -  - exec CUpdateClientPartner::ParseServerData
2023-11-24 14:42:39 -  - exec CUpdateClientPartner::__CollectRequestData
2023-11-24 14:42:39 -  - exec CUpdateClientPartner::GetHTTPPage
2023-11-24 14:42:40 -  - exec CUpdateClientPartner::ParseServerData
2023-11-26 12:41:20 - Ux11 - Ошибка описания модуля "points"
2023-11-26 12:41:20 -  - exec CUpdateClientPartner::GetUpdatesList
2023-11-26 12:41:20 -  - exec CUpdateClientPartner::__CollectRequestData
2023-11-26 12:41:20 - Ux11 - Ошибка описания модуля "points"
2023-11-26 12:41:20 - NCRD01 - [Ux11] Ошибка описания модуля "points". 
2023-11-26 12:41:20 - GUL01 - Empty query list
2023-11-26 12:41:20 - Ux11 - Ошибка описания модуля "points"
2023-11-26 12:41:23 - Ux11 - Ошибка описания модуля "points"
2023-11-26 12:41:29 - Ux11 - Ошибка описания модуля "points"
2023-11-26 12:41:29 -  - exec CUpdateClientPartner::GetUpdatesList
2023-11-26 12:41:29 -  - exec CUpdateClientPartner::__CollectRequestData
2023-11-26 12:41:29 - Ux11 - Ошибка описания модуля "points"
2023-11-26 12:41:29 - NCRD01 - [Ux11] Ошибка описания модуля "points". 
2023-11-26 12:41:29 - GUL01 - Empty query list
2023-11-26 12:41:29 - Ux11 - Ошибка описания модуля "points"
2023-11-26 12:41:40 - Ux11 - Ошибка описания модуля "points"
2023-11-26 12:41:40 -  - exec CUpdateClientPartner::GetUpdatesList
2023-11-26 12:41:40 -  - exec CUpdateClientPartner::__CollectRequestData
2023-11-26 12:41:40 - Ux11 - Ошибка описания модуля "points"
2023-11-26 12:41:40 - NCRD01 - [Ux11] Ошибка описания модуля "points". 
2023-11-26 12:41:40 - GUL01 - Empty query list
2023-11-26 12:41:40 - Ux11 - Ошибка описания модуля "points"
2023-11-26 19:51:38 -  - exec CUpdateClientPartner::GetUpdatesList
2023-11-26 19:51:38 -  - exec CUpdateClientPartner::__CollectRequestData
2023-11-26 19:51:38 -  - utf=Y&lang=ru&stable=Y&CANGZIP=Y&SUPD_DBS=MYSQL&XE=N&CLIENT_SITE=tankca0z.beget.tech&LICENSE_KEY=X&SUPD_STS=1&SUPD_URS=10&TYPENC=D&CLIENT_PHPVER=8.1.25&NGINX=Y&dbv=5.7.21&instm=main%2C23.300.100%2CY%3Bb24connector%2C22.0.0%2CN%3Bvote%2C23.0.0%2CN%3Bsocialservices%2C22.200.400%2CN%3Bperfmon%2C21.0.0%2CN%3Bsecurity%2C21.300.0%2CN%3Bbitrix.sitecorporate%2C15.5.0%2CN%3Bforum%2C23.0.0%2CN%3Blocation%2C23.0.0%2CN%3Bphotogallery%2C22.0.200%2CN%3Bform%2C22.0.0%2CN%3Bmobileapp%2C23.0.0%2CN%3Bclouds%2C23.0.0%2CN%3Bbitrixcloud%2C22.100.0%2CN%3Blanding%2C23.600.150%2CN%3Bscale%2C21.0.0%2CN%3Bmessageservice%2C23.0.0%2CN%3Bbitrix.siteinfoportal%2C15.5.0%2CN%3Bbitrix.sitepersonal%2C15.5.0%2CN%3Bnsandrey.emptyinstall%2C1.0.5%2CN%3Bfileman%2C22.300.0%2CN%3Bsearch%2C22.100.0%2CN%3Bsubscribe%2C21.0.0%2CN%3Bhighloadblock%2C22.200.0%2CN%3Bblog%2C22.0.0%2CN%3Bseo%2C23.200.0%2CN%3Bui%2C22.1600.0%2CN%3Biblock%2C23.100.0%2CN%3Btranslate%2C23.200.0%2CN%3Brest%2C23.100.0%2CN&reqm=bitrix.sitecorporate%2Cbitrix.siteinfoportal%2Cbitrix.sitepersonal%2Cnsandrey.emptyinstall&fullmoduleinfo=Y&SUPD_SRS=RU&SUPD_CMP=N
2023-11-26 19:51:38 -  - exec CUpdateClientPartner::GetHTTPPage
2023-11-26 19:51:38 -  - TIME GetUpdatesList(request) 0.335 sec
2023-11-26 19:51:38 -  - exec CUpdateClientPartner::ParseServerData
